                ; -----------------------------------------------------------------
                ; Homebrew CPU micro code
                ; Author: Sylvain Fortin
                ; Date : 27 march 2024
                ; Documentation : blink.asm show two alternating values 0x55 
                ;                 and 0xAA on the led port of MyCPU
                ; Memory map of the computer
                ; 0000H - 17FFH Total RAM space
                ; 0000H - 00FFH Stack
                ; 0100H - 17EF  Free for application
                ; 17F0H         SP Stack Pointer 8 bit
                ; 17F1H temp SP1
                ; 17F2H temp SP2
                ; 17FAH bit<0>	Equal
                ; 17FBH bit<0>	Carry
                ; 17FCH A Register
                ; 17FEH IPH	Instruction Pointer MSB
                ; 17FFH IPL Instruction Pointer LSB
                ; C000H           LED port
                ; E000H - F000H   EEPROM 2864 for program storage
                ; -----------------------------------------------------------------
                ; Some experiments with Symbols to have the assembler process them
                ; by assigning address.

                LEDPORT  EQU C000H   ; PORT for the LED
                BIDON    EQU C001H
                TESTA    EQU C010H

                         ORG/E000H   ; EEPROM Start
E000 30 AA      START    LDA #AAH    ; Load immediate in register A
E002 31 C0 00            STA LEDPORT ; Output to LED port
E005 36                  NOTA        ; Not logical on Reg A
E006 31 C0 00   STORE    STA LEDPORT ; Output to LED port
E009 32 E0 00   END      JMP START   ; Jump inconditional to address
                         ORG/FFFEH   ; Set the Reset vector
FFFE E0         RESET    DB E0H      ; MSB Reset Vector
FFFF 00                  DB 00H      ; LSB Reset Vector


Symbol Table:
LEDPORT   C000
BIDON     C001
TESTA     C010
          0000
START     E000
STORE     E006
END       E009
RESET     FFFE
Assembly complete
Number of errors = 0
